Performing C SOURCE FILE Test CMAKE_HAVE_LIBC_PTHREAD failed with the following output:
Change Dir: /storage/emulated/0/GitProjects/rhc/CMakeFiles/CMakeTmp

Run Build Command(s):/data/user/0/ru.iiec.cxxdroid/files/bin/make -f Makefile cmTC_c4dd3/fast && /data/user/0/ru.iiec.cxxdroid/files/bin/make  -f CMakeFiles/cmTC_c4dd3.dir/build.make CMakeFiles/cmTC_c4dd3.dir/build
make[1]: Entering directory '/storage/emulated/0/GitProjects/rhc/CMakeFiles/CMakeTmp'
Building C object CMakeFiles/cmTC_c4dd3.dir/src.c.o
/data/user/0/ru.iiec.cxxdroid/files/bin/clang -DCMAKE_HAVE_LIBC_PTHREAD  -Wall -std=c11 -fallow-void-main -Wall -Wextra -pedantic -Wno-long-long -Wno-unused-function -Wno-unused-variable -Wno-missing-braces -Wno-unused-parameter  -MD -MT CMakeFiles/cmTC_c4dd3.dir/src.c.o -MF CMakeFiles/cmTC_c4dd3.dir/src.c.o.d -o CMakeFiles/cmTC_c4dd3.dir/src.c.o -c /storage/emulated/0/GitProjects/rhc/CMakeFiles/CMakeTmp/src.c
/storage/emulated/0/GitProjects/rhc/CMakeFiles/CMakeTmp/src.c:13:3: warning: implicit declaration of function 'pthread_cancel' is invalid in C99 [-Wimplicit-function-declaration]
  pthread_cancel(thread);
  ^
1 warning generated.
Linking C executable cmTC_c4dd3
/data/data/ru.iiec.cxxdroid/files/bin/cmake -E cmake_link_script CMakeFiles/cmTC_c4dd3.dir/link.txt --verbose=1
/data/user/0/ru.iiec.cxxdroid/files/bin/clang -Wall -std=c11 -fallow-void-main -Wall -Wextra -pedantic -Wno-long-long -Wno-unused-function -Wno-unused-variable -Wno-missing-braces -Wno-unused-parameter  -rdynamic CMakeFiles/cmTC_c4dd3.dir/src.c.o -o cmTC_c4dd3 
/data/user/0/ru.iiec.cxxdroid/files/bin/ld: CMakeFiles/cmTC_c4dd3.dir/src.c.o: in function `main':
src.c:(.text+0x20): undefined reference to `pthread_cancel'
/data/user/0/ru.iiec.cxxdroid/files/bin/ld: src.c:(.text+0x24): undefined reference to `pthread_cancel'
clang-9: error: linker command failed with exit code 1 (use -v to see invocation)
make[1]: *** [CMakeFiles/cmTC_c4dd3.dir/build.make:99: cmTC_c4dd3] Error 1
make[1]: Leaving directory '/storage/emulated/0/GitProjects/rhc/CMakeFiles/CMakeTmp'
make: *** [Makefile:126: cmTC_c4dd3/fast] Error 2


Source file was:
#include <pthread.h>

static void* test_func(void* data)
{
  return data;
}

int main(void)
{
  pthread_t thread;
  pthread_create(&thread, NULL, test_func, NULL);
  pthread_detach(thread);
  pthread_cancel(thread);
  pthread_join(thread, NULL);
  pthread_atfork(NULL, NULL, NULL);
  pthread_exit(NULL);

  return 0;
}

Determining if the function pthread_create exists in the pthreads failed with the following output:
Change Dir: /storage/emulated/0/GitProjects/rhc/CMakeFiles/CMakeTmp

Run Build Command(s):/data/user/0/ru.iiec.cxxdroid/files/bin/make -f Makefile cmTC_ed4dc/fast && /data/user/0/ru.iiec.cxxdroid/files/bin/make  -f CMakeFiles/cmTC_ed4dc.dir/build.make CMakeFiles/cmTC_ed4dc.dir/build
make[1]: Entering directory '/storage/emulated/0/GitProjects/rhc/CMakeFiles/CMakeTmp'
Building C object CMakeFiles/cmTC_ed4dc.dir/CheckFunctionExists.c.o
/data/user/0/ru.iiec.cxxdroid/files/bin/clang   -Wall -std=c11 -fallow-void-main -Wall -Wextra -pedantic -Wno-long-long -Wno-unused-function -Wno-unused-variable -Wno-missing-braces -Wno-unused-parameter -DCHECK_FUNCTION_EXISTS=pthread_create -MD -MT CMakeFiles/cmTC_ed4dc.dir/CheckFunctionExists.c.o -MF CMakeFiles/cmTC_ed4dc.dir/CheckFunctionExists.c.o.d -o CMakeFiles/cmTC_ed4dc.dir/CheckFunctionExists.c.o -c /data/data/ru.iiec.cxxdroid/files/share/cmake-3.20/Modules/CheckFunctionExists.c
Linking C executable cmTC_ed4dc
/data/data/ru.iiec.cxxdroid/files/bin/cmake -E cmake_link_script CMakeFiles/cmTC_ed4dc.dir/link.txt --verbose=1
/data/user/0/ru.iiec.cxxdroid/files/bin/clang -Wall -std=c11 -fallow-void-main -Wall -Wextra -pedantic -Wno-long-long -Wno-unused-function -Wno-unused-variable -Wno-missing-braces -Wno-unused-parameter -DCHECK_FUNCTION_EXISTS=pthread_create -rdynamic CMakeFiles/cmTC_ed4dc.dir/CheckFunctionExists.c.o -o cmTC_ed4dc  -lpthreads 
/data/user/0/ru.iiec.cxxdroid/files/bin/ld: cannot find -lpthreads
clang-9: error: linker command failed with exit code 1 (use -v to see invocation)
make[1]: *** [CMakeFiles/cmTC_ed4dc.dir/build.make:99: cmTC_ed4dc] Error 1
make[1]: Leaving directory '/storage/emulated/0/GitProjects/rhc/CMakeFiles/CMakeTmp'
make: *** [Makefile:126: cmTC_ed4dc/fast] Error 2



Determining if the function pthread_create exists in the pthread failed with the following output:
Change Dir: /storage/emulated/0/GitProjects/rhc/CMakeFiles/CMakeTmp

Run Build Command(s):/data/user/0/ru.iiec.cxxdroid/files/bin/make -f Makefile cmTC_79a8b/fast && /data/user/0/ru.iiec.cxxdroid/files/bin/make  -f CMakeFiles/cmTC_79a8b.dir/build.make CMakeFiles/cmTC_79a8b.dir/build
make[1]: Entering directory '/storage/emulated/0/GitProjects/rhc/CMakeFiles/CMakeTmp'
Building C object CMakeFiles/cmTC_79a8b.dir/CheckFunctionExists.c.o
/data/user/0/ru.iiec.cxxdroid/files/bin/clang   -Wall -std=c11 -fallow-void-main -Wall -Wextra -pedantic -Wno-long-long -Wno-unused-function -Wno-unused-variable -Wno-missing-braces -Wno-unused-parameter -DCHECK_FUNCTION_EXISTS=pthread_create -MD -MT CMakeFiles/cmTC_79a8b.dir/CheckFunctionExists.c.o -MF CMakeFiles/cmTC_79a8b.dir/CheckFunctionExists.c.o.d -o CMakeFiles/cmTC_79a8b.dir/CheckFunctionExists.c.o -c /data/data/ru.iiec.cxxdroid/files/share/cmake-3.20/Modules/CheckFunctionExists.c
Linking C executable cmTC_79a8b
/data/data/ru.iiec.cxxdroid/files/bin/cmake -E cmake_link_script CMakeFiles/cmTC_79a8b.dir/link.txt --verbose=1
/data/user/0/ru.iiec.cxxdroid/files/bin/clang -Wall -std=c11 -fallow-void-main -Wall -Wextra -pedantic -Wno-long-long -Wno-unused-function -Wno-unused-variable -Wno-missing-braces -Wno-unused-parameter -DCHECK_FUNCTION_EXISTS=pthread_create -rdynamic CMakeFiles/cmTC_79a8b.dir/CheckFunctionExists.c.o -o cmTC_79a8b  -lpthread 
/data/user/0/ru.iiec.cxxdroid/files/bin/ld: cannot find -lpthread
clang-9: error: linker command failed with exit code 1 (use -v to see invocation)
make[1]: *** [CMakeFiles/cmTC_79a8b.dir/build.make:99: cmTC_79a8b] Error 1
make[1]: Leaving directory '/storage/emulated/0/GitProjects/rhc/CMakeFiles/CMakeTmp'
make: *** [Makefile:126: cmTC_79a8b/fast] Error 2



